  Source.cpp
C:\Users\ricky\source\repos\7.4 oop\7.4 oop\Source.cpp(20,13): warning C4566: character represented by universal-character-name '\u041C' cannot be represented in the current code page (1252)
C:\Users\ricky\source\repos\7.4 oop\7.4 oop\Source.cpp(20,13): warning C4566: character represented by universal-character-name '\u0456' cannot be represented in the current code page (1252)
C:\Users\ricky\source\repos\7.4 oop\7.4 oop\Source.cpp(20,13): warning C4566: character represented by universal-character-name '\u0441' cannot be represented in the current code page (1252)
C:\Users\ricky\source\repos\7.4 oop\7.4 oop\Source.cpp(20,13): warning C4566: character represented by universal-character-name '\u0442' cannot be represented in the current code page (1252)
C:\Users\ricky\source\repos\7.4 oop\7.4 oop\Source.cpp(20,13): warning C4566: character represented by universal-character-name '\u043E' cannot be represented in the current code page (1252)
C:\Users\ricky\source\repos\7.4 oop\7.4 oop\Source.cpp(20,13): warning C4566: character represented by universal-character-name '\u0432' cannot be represented in the current code page (1252)
C:\Users\ricky\source\repos\7.4 oop\7.4 oop\Source.cpp(20,13): warning C4566: character represented by universal-character-name '\u0434' cannot be represented in the current code page (1252)
C:\Users\ricky\source\repos\7.4 oop\7.4 oop\Source.cpp(20,13): warning C4566: character represented by universal-character-name '\u043F' cannot be represented in the current code page (1252)
C:\Users\ricky\source\repos\7.4 oop\7.4 oop\Source.cpp(20,13): warning C4566: character represented by universal-character-name '\u0440' cannot be represented in the current code page (1252)
C:\Users\ricky\source\repos\7.4 oop\7.4 oop\Source.cpp(20,13): warning C4566: character represented by universal-character-name '\u0430' cannot be represented in the current code page (1252)
C:\Users\ricky\source\repos\7.4 oop\7.4 oop\Source.cpp(20,13): warning C4566: character represented by universal-character-name '\u043B' cannot be represented in the current code page (1252)
C:\Users\ricky\source\repos\7.4 oop\7.4 oop\Source.cpp(20,13): warning C4566: character represented by universal-character-name '\u0435' cannot be represented in the current code page (1252)
C:\Users\ricky\source\repos\7.4 oop\7.4 oop\Source.cpp(20,13): warning C4566: character represented by universal-character-name '\u043D' cannot be represented in the current code page (1252)
C:\Users\ricky\source\repos\7.4 oop\7.4 oop\Source.cpp(20,13): warning C4566: character represented by universal-character-name '\u044F' cannot be represented in the current code page (1252)
C:\Users\ricky\source\repos\7.4 oop\7.4 oop\Source.cpp(23,13): warning C4566: character represented by universal-character-name '\u0417' cannot be represented in the current code page (1252)
C:\Users\ricky\source\repos\7.4 oop\7.4 oop\Source.cpp(23,13): warning C4566: character represented by universal-character-name '\u0432' cannot be represented in the current code page (1252)
C:\Users\ricky\source\repos\7.4 oop\7.4 oop\Source.cpp(23,13): warning C4566: character represented by universal-character-name '\u0438' cannot be represented in the current code page (1252)
C:\Users\ricky\source\repos\7.4 oop\7.4 oop\Source.cpp(23,13): warning C4566: character represented by universal-character-name '\u0447' cannot be represented in the current code page (1252)
C:\Users\ricky\source\repos\7.4 oop\7.4 oop\Source.cpp(23,13): warning C4566: character represented by universal-character-name '\u0430' cannot be represented in the current code page (1252)
C:\Users\ricky\source\repos\7.4 oop\7.4 oop\Source.cpp(23,13): warning C4566: character represented by universal-character-name '\u0439' cannot be represented in the current code page (1252)
C:\Users\ricky\source\repos\7.4 oop\7.4 oop\Source.cpp(23,13): warning C4566: character represented by universal-character-name '\u043D' cannot be represented in the current code page (1252)
C:\Users\ricky\source\repos\7.4 oop\7.4 oop\Source.cpp(24,13): warning C4566: character represented by universal-character-name '\u041F' cannot be represented in the current code page (1252)
C:\Users\ricky\source\repos\7.4 oop\7.4 oop\Source.cpp(24,13): warning C4566: character represented by universal-character-name '\u0456' cannot be represented in the current code page (1252)
C:\Users\ricky\source\repos\7.4 oop\7.4 oop\Source.cpp(24,13): warning C4566: character represented by universal-character-name '\u0434' cannot be represented in the current code page (1252)
C:\Users\ricky\source\repos\7.4 oop\7.4 oop\Source.cpp(24,13): warning C4566: character represented by universal-character-name '\u0432' cannot be represented in the current code page (1252)
C:\Users\ricky\source\repos\7.4 oop\7.4 oop\Source.cpp(24,13): warning C4566: character represented by universal-character-name '\u0438' cannot be represented in the current code page (1252)
C:\Users\ricky\source\repos\7.4 oop\7.4 oop\Source.cpp(24,13): warning C4566: character represented by universal-character-name '\u0449' cannot be represented in the current code page (1252)
C:\Users\ricky\source\repos\7.4 oop\7.4 oop\Source.cpp(24,13): warning C4566: character represented by universal-character-name '\u0435' cannot be represented in the current code page (1252)
C:\Users\ricky\source\repos\7.4 oop\7.4 oop\Source.cpp(24,13): warning C4566: character represented by universal-character-name '\u043D' cannot be represented in the current code page (1252)
C:\Users\ricky\source\repos\7.4 oop\7.4 oop\Source.cpp(24,13): warning C4566: character represented by universal-character-name '\u043E' cannot be represented in the current code page (1252)
C:\Users\ricky\source\repos\7.4 oop\7.4 oop\Source.cpp(24,13): warning C4566: character represented by universal-character-name '\u0433' cannot be represented in the current code page (1252)
C:\Users\ricky\source\repos\7.4 oop\7.4 oop\Source.cpp(24,13): warning C4566: character represented by universal-character-name '\u043A' cannot be represented in the current code page (1252)
C:\Users\ricky\source\repos\7.4 oop\7.4 oop\Source.cpp(24,13): warning C4566: character represented by universal-character-name '\u043C' cannot be represented in the current code page (1252)
C:\Users\ricky\source\repos\7.4 oop\7.4 oop\Source.cpp(24,13): warning C4566: character represented by universal-character-name '\u0444' cannot be represented in the current code page (1252)
C:\Users\ricky\source\repos\7.4 oop\7.4 oop\Source.cpp(24,13): warning C4566: character represented by universal-character-name '\u0440' cannot be represented in the current code page (1252)
C:\Users\ricky\source\repos\7.4 oop\7.4 oop\Source.cpp(24,13): warning C4566: character represented by universal-character-name '\u0442' cannot be represented in the current code page (1252)
C:\Users\ricky\source\repos\7.4 oop\7.4 oop\Source.cpp(24,13): warning C4566: character represented by universal-character-name '\u0443' cannot be represented in the current code page (1252)
C:\Users\ricky\source\repos\7.4 oop\7.4 oop\Source.cpp(25,13): warning C4566: character represented by universal-character-name '\u0428' cannot be represented in the current code page (1252)
C:\Users\ricky\source\repos\7.4 oop\7.4 oop\Source.cpp(25,13): warning C4566: character represented by universal-character-name '\u0432' cannot be represented in the current code page (1252)
C:\Users\ricky\source\repos\7.4 oop\7.4 oop\Source.cpp(25,13): warning C4566: character represented by universal-character-name '\u0438' cannot be represented in the current code page (1252)
C:\Users\ricky\source\repos\7.4 oop\7.4 oop\Source.cpp(25,13): warning C4566: character represented by universal-character-name '\u0434' cannot be represented in the current code page (1252)
C:\Users\ricky\source\repos\7.4 oop\7.4 oop\Source.cpp(25,13): warning C4566: character represented by universal-character-name '\u043A' cannot be represented in the current code page (1252)
C:\Users\ricky\source\repos\7.4 oop\7.4 oop\Source.cpp(25,13): warning C4566: character represented by universal-character-name '\u0456' cannot be represented in the current code page (1252)
C:\Users\ricky\source\repos\7.4 oop\7.4 oop\Source.cpp(25,13): warning C4566: character represented by universal-character-name '\u0441' cannot be represented in the current code page (1252)
C:\Users\ricky\source\repos\7.4 oop\7.4 oop\Source.cpp(25,13): warning C4566: character represented by universal-character-name '\u043D' cannot be represented in the current code page (1252)
C:\Users\ricky\source\repos\7.4 oop\7.4 oop\Source.cpp(25,13): warning C4566: character represented by universal-character-name '\u0439' cannot be represented in the current code page (1252)
C:\Users\ricky\source\repos\7.4 oop\7.4 oop\Source.cpp(25,13): warning C4566: character represented by universal-character-name '\u0435' cannot be represented in the current code page (1252)
C:\Users\ricky\source\repos\7.4 oop\7.4 oop\Source.cpp(25,13): warning C4566: character represented by universal-character-name '\u043F' cannot be represented in the current code page (1252)
C:\Users\ricky\source\repos\7.4 oop\7.4 oop\Source.cpp(25,13): warning C4566: character represented by universal-character-name '\u0440' cannot be represented in the current code page (1252)
C:\Users\ricky\source\repos\7.4 oop\7.4 oop\Source.cpp(31,13): warning C4566: character represented by universal-character-name '\u0413' cannot be represented in the current code page (1252)
C:\Users\ricky\source\repos\7.4 oop\7.4 oop\Source.cpp(31,13): warning C4566: character represented by universal-character-name '\u043E' cannot be represented in the current code page (1252)
C:\Users\ricky\source\repos\7.4 oop\7.4 oop\Source.cpp(31,13): warning C4566: character represented by universal-character-name '\u0434' cannot be represented in the current code page (1252)
C:\Users\ricky\source\repos\7.4 oop\7.4 oop\Source.cpp(31,13): warning C4566: character represented by universal-character-name '\u0438' cannot be represented in the current code page (1252)
C:\Users\ricky\source\repos\7.4 oop\7.4 oop\Source.cpp(31,13): warning C4566: character represented by universal-character-name '\u043D' cannot be represented in the current code page (1252)
C:\Users\ricky\source\repos\7.4 oop\7.4 oop\Source.cpp(31,13): warning C4566: character represented by universal-character-name '\u0430' cannot be represented in the current code page (1252)
C:\Users\ricky\source\repos\7.4 oop\7.4 oop\Source.cpp(31,13): warning C4566: character represented by universal-character-name '\u0432' cannot be represented in the current code page (1252)
C:\Users\ricky\source\repos\7.4 oop\7.4 oop\Source.cpp(31,13): warning C4566: character represented by universal-character-name '\u0456' cannot be represented in the current code page (1252)
C:\Users\ricky\source\repos\7.4 oop\7.4 oop\Source.cpp(31,13): warning C4566: character represented by universal-character-name '\u043F' cannot be represented in the current code page (1252)
C:\Users\ricky\source\repos\7.4 oop\7.4 oop\Source.cpp(31,13): warning C4566: character represented by universal-character-name '\u0440' cannot be represented in the current code page (1252)
C:\Users\ricky\source\repos\7.4 oop\7.4 oop\Source.cpp(31,13): warning C4566: character represented by universal-character-name '\u043B' cannot be represented in the current code page (1252)
C:\Users\ricky\source\repos\7.4 oop\7.4 oop\Source.cpp(31,13): warning C4566: character represented by universal-character-name '\u0435' cannot be represented in the current code page (1252)
C:\Users\ricky\source\repos\7.4 oop\7.4 oop\Source.cpp(31,13): warning C4566: character represented by universal-character-name '\u044F' cannot be represented in the current code page (1252)
C:\Users\ricky\source\repos\7.4 oop\7.4 oop\Source.cpp(37,13): warning C4566: character represented by universal-character-name '\u0425' cannot be represented in the current code page (1252)
C:\Users\ricky\source\repos\7.4 oop\7.4 oop\Source.cpp(37,13): warning C4566: character represented by universal-character-name '\u0432' cannot be represented in the current code page (1252)
C:\Users\ricky\source\repos\7.4 oop\7.4 oop\Source.cpp(37,13): warning C4566: character represented by universal-character-name '\u0438' cannot be represented in the current code page (1252)
C:\Users\ricky\source\repos\7.4 oop\7.4 oop\Source.cpp(37,13): warning C4566: character represented by universal-character-name '\u043B' cannot be represented in the current code page (1252)
C:\Users\ricky\source\repos\7.4 oop\7.4 oop\Source.cpp(37,13): warning C4566: character represented by universal-character-name '\u043D' cannot be represented in the current code page (1252)
C:\Users\ricky\source\repos\7.4 oop\7.4 oop\Source.cpp(37,13): warning C4566: character represented by universal-character-name '\u0430' cannot be represented in the current code page (1252)
C:\Users\ricky\source\repos\7.4 oop\7.4 oop\Source.cpp(37,13): warning C4566: character represented by universal-character-name '\u0456' cannot be represented in the current code page (1252)
C:\Users\ricky\source\repos\7.4 oop\7.4 oop\Source.cpp(37,13): warning C4566: character represented by universal-character-name '\u0434' cannot be represented in the current code page (1252)
C:\Users\ricky\source\repos\7.4 oop\7.4 oop\Source.cpp(37,13): warning C4566: character represented by universal-character-name '\u043F' cannot be represented in the current code page (1252)
C:\Users\ricky\source\repos\7.4 oop\7.4 oop\Source.cpp(37,13): warning C4566: character represented by universal-character-name '\u0440' cannot be represented in the current code page (1252)
C:\Users\ricky\source\repos\7.4 oop\7.4 oop\Source.cpp(37,13): warning C4566: character represented by universal-character-name '\u0435' cannot be represented in the current code page (1252)
C:\Users\ricky\source\repos\7.4 oop\7.4 oop\Source.cpp(37,13): warning C4566: character represented by universal-character-name '\u044F' cannot be represented in the current code page (1252)
C:\Users\ricky\source\repos\7.4 oop\7.4 oop\Source.cpp(47,23): warning C4018: '<': signed/unsigned mismatch
C:\Users\ricky\source\repos\7.4 oop\7.4 oop\Source.cpp(49,17): warning C4566: character represented by universal-character-name '\u041C' cannot be represented in the current code page (1252)
C:\Users\ricky\source\repos\7.4 oop\7.4 oop\Source.cpp(49,17): warning C4566: character represented by universal-character-name '\u0456' cannot be represented in the current code page (1252)
C:\Users\ricky\source\repos\7.4 oop\7.4 oop\Source.cpp(49,17): warning C4566: character represented by universal-character-name '\u0441' cannot be represented in the current code page (1252)
C:\Users\ricky\source\repos\7.4 oop\7.4 oop\Source.cpp(49,17): warning C4566: character represented by universal-character-name '\u0442' cannot be represented in the current code page (1252)
C:\Users\ricky\source\repos\7.4 oop\7.4 oop\Source.cpp(49,17): warning C4566: character represented by universal-character-name '\u043E' cannot be represented in the current code page (1252)
C:\Users\ricky\source\repos\7.4 oop\7.4 oop\Source.cpp(49,17): warning C4566: character represented by universal-character-name '\u0432' cannot be represented in the current code page (1252)
C:\Users\ricky\source\repos\7.4 oop\7.4 oop\Source.cpp(49,17): warning C4566: character represented by universal-character-name '\u0434' cannot be represented in the current code page (1252)
C:\Users\ricky\source\repos\7.4 oop\7.4 oop\Source.cpp(49,17): warning C4566: character represented by universal-character-name '\u043F' cannot be represented in the current code page (1252)
C:\Users\ricky\source\repos\7.4 oop\7.4 oop\Source.cpp(49,17): warning C4566: character represented by universal-character-name '\u0440' cannot be represented in the current code page (1252)
C:\Users\ricky\source\repos\7.4 oop\7.4 oop\Source.cpp(49,17): warning C4566: character represented by universal-character-name '\u0430' cannot be represented in the current code page (1252)
C:\Users\ricky\source\repos\7.4 oop\7.4 oop\Source.cpp(49,17): warning C4566: character represented by universal-character-name '\u043B' cannot be represented in the current code page (1252)
C:\Users\ricky\source\repos\7.4 oop\7.4 oop\Source.cpp(49,17): warning C4566: character represented by universal-character-name '\u0435' cannot be represented in the current code page (1252)
C:\Users\ricky\source\repos\7.4 oop\7.4 oop\Source.cpp(49,17): warning C4566: character represented by universal-character-name '\u043D' cannot be represented in the current code page (1252)
C:\Users\ricky\source\repos\7.4 oop\7.4 oop\Source.cpp(49,17): warning C4566: character represented by universal-character-name '\u044F' cannot be represented in the current code page (1252)
C:\Users\ricky\source\repos\7.4 oop\7.4 oop\Source.cpp(51,21): warning C4566: character represented by universal-character-name '\u0422' cannot be represented in the current code page (1252)
C:\Users\ricky\source\repos\7.4 oop\7.4 oop\Source.cpp(51,21): warning C4566: character represented by universal-character-name '\u0438' cannot be represented in the current code page (1252)
C:\Users\ricky\source\repos\7.4 oop\7.4 oop\Source.cpp(51,21): warning C4566: character represented by universal-character-name '\u043F' cannot be represented in the current code page (1252)
C:\Users\ricky\source\repos\7.4 oop\7.4 oop\Source.cpp(51,21): warning C4566: character represented by universal-character-name '\u0417' cannot be represented in the current code page (1252)
C:\Users\ricky\source\repos\7.4 oop\7.4 oop\Source.cpp(51,21): warning C4566: character represented by universal-character-name '\u0432' cannot be represented in the current code page (1252)
C:\Users\ricky\source\repos\7.4 oop\7.4 oop\Source.cpp(51,21): warning C4566: character represented by universal-character-name '\u0447' cannot be represented in the current code page (1252)
C:\Users\ricky\source\repos\7.4 oop\7.4 oop\Source.cpp(51,21): warning C4566: character represented by universal-character-name '\u0430' cannot be represented in the current code page (1252)
C:\Users\ricky\source\repos\7.4 oop\7.4 oop\Source.cpp(51,21): warning C4566: character represented by universal-character-name '\u0439' cannot be represented in the current code page (1252)
C:\Users\ricky\source\repos\7.4 oop\7.4 oop\Source.cpp(51,21): warning C4566: character represented by universal-character-name '\u043D' cannot be represented in the current code page (1252)
C:\Users\ricky\source\repos\7.4 oop\7.4 oop\Source.cpp(54,25): warning C4566: character represented by universal-character-name '\u0422' cannot be represented in the current code page (1252)
C:\Users\ricky\source\repos\7.4 oop\7.4 oop\Source.cpp(54,25): warning C4566: character represented by universal-character-name '\u0438' cannot be represented in the current code page (1252)
C:\Users\ricky\source\repos\7.4 oop\7.4 oop\Source.cpp(54,25): warning C4566: character represented by universal-character-name '\u043F' cannot be represented in the current code page (1252)
C:\Users\ricky\source\repos\7.4 oop\7.4 oop\Source.cpp(54,25): warning C4566: character represented by universal-character-name '\u041F' cannot be represented in the current code page (1252)
C:\Users\ricky\source\repos\7.4 oop\7.4 oop\Source.cpp(54,25): warning C4566: character represented by universal-character-name '\u0456' cannot be represented in the current code page (1252)
C:\Users\ricky\source\repos\7.4 oop\7.4 oop\Source.cpp(54,25): warning C4566: character represented by universal-character-name '\u0434' cannot be represented in the current code page (1252)
C:\Users\ricky\source\repos\7.4 oop\7.4 oop\Source.cpp(54,25): warning C4566: character represented by universal-character-name '\u0432' cannot be represented in the current code page (1252)
C:\Users\ricky\source\repos\7.4 oop\7.4 oop\Source.cpp(54,25): warning C4566: character represented by universal-character-name '\u0449' cannot be represented in the current code page (1252)
C:\Users\ricky\source\repos\7.4 oop\7.4 oop\Source.cpp(54,25): warning C4566: character represented by universal-character-name '\u0435' cannot be represented in the current code page (1252)
C:\Users\ricky\source\repos\7.4 oop\7.4 oop\Source.cpp(54,25): warning C4566: character represented by universal-character-name '\u043D' cannot be represented in the current code page (1252)
C:\Users\ricky\source\repos\7.4 oop\7.4 oop\Source.cpp(54,25): warning C4566: character represented by universal-character-name '\u043E' cannot be represented in the current code page (1252)
C:\Users\ricky\source\repos\7.4 oop\7.4 oop\Source.cpp(54,25): warning C4566: character represented by universal-character-name '\u0433' cannot be represented in the current code page (1252)
C:\Users\ricky\source\repos\7.4 oop\7.4 oop\Source.cpp(54,25): warning C4566: character represented by universal-character-name '\u043A' cannot be represented in the current code page (1252)
C:\Users\ricky\source\repos\7.4 oop\7.4 oop\Source.cpp(54,25): warning C4566: character represented by universal-character-name '\u043C' cannot be represented in the current code page (1252)
C:\Users\ricky\source\repos\7.4 oop\7.4 oop\Source.cpp(54,25): warning C4566: character represented by universal-character-name '\u0444' cannot be represented in the current code page (1252)
C:\Users\ricky\source\repos\7.4 oop\7.4 oop\Source.cpp(54,25): warning C4566: character represented by universal-character-name '\u0440' cannot be represented in the current code page (1252)
C:\Users\ricky\source\repos\7.4 oop\7.4 oop\Source.cpp(54,25): warning C4566: character represented by universal-character-name '\u0442' cannot be represented in the current code page (1252)
C:\Users\ricky\source\repos\7.4 oop\7.4 oop\Source.cpp(54,25): warning C4566: character represented by universal-character-name '\u0443' cannot be represented in the current code page (1252)
C:\Users\ricky\source\repos\7.4 oop\7.4 oop\Source.cpp(56,25): warning C4566: character represented by universal-character-name '\u0422' cannot be represented in the current code page (1252)
C:\Users\ricky\source\repos\7.4 oop\7.4 oop\Source.cpp(56,25): warning C4566: character represented by universal-character-name '\u0438' cannot be represented in the current code page (1252)
C:\Users\ricky\source\repos\7.4 oop\7.4 oop\Source.cpp(56,25): warning C4566: character represented by universal-character-name '\u043F' cannot be represented in the current code page (1252)
C:\Users\ricky\source\repos\7.4 oop\7.4 oop\Source.cpp(56,25): warning C4566: character represented by universal-character-name '\u0428' cannot be represented in the current code page (1252)
C:\Users\ricky\source\repos\7.4 oop\7.4 oop\Source.cpp(56,25): warning C4566: character represented by universal-character-name '\u0432' cannot be represented in the current code page (1252)
C:\Users\ricky\source\repos\7.4 oop\7.4 oop\Source.cpp(56,25): warning C4566: character represented by universal-character-name '\u0434' cannot be represented in the current code page (1252)
C:\Users\ricky\source\repos\7.4 oop\7.4 oop\Source.cpp(56,25): warning C4566: character represented by universal-character-name '\u043A' cannot be represented in the current code page (1252)
C:\Users\ricky\source\repos\7.4 oop\7.4 oop\Source.cpp(56,25): warning C4566: character represented by universal-character-name '\u0456' cannot be represented in the current code page (1252)
C:\Users\ricky\source\repos\7.4 oop\7.4 oop\Source.cpp(56,25): warning C4566: character represented by universal-character-name '\u0441' cannot be represented in the current code page (1252)
C:\Users\ricky\source\repos\7.4 oop\7.4 oop\Source.cpp(56,25): warning C4566: character represented by universal-character-name '\u043D' cannot be represented in the current code page (1252)
C:\Users\ricky\source\repos\7.4 oop\7.4 oop\Source.cpp(56,25): warning C4566: character represented by universal-character-name '\u0439' cannot be represented in the current code page (1252)
C:\Users\ricky\source\repos\7.4 oop\7.4 oop\Source.cpp(56,25): warning C4566: character represented by universal-character-name '\u0435' cannot be represented in the current code page (1252)
C:\Users\ricky\source\repos\7.4 oop\7.4 oop\Source.cpp(56,25): warning C4566: character represented by universal-character-name '\u0440' cannot be represented in the current code page (1252)
C:\Users\ricky\source\repos\7.4 oop\7.4 oop\Source.cpp(57,17): warning C4566: character represented by universal-character-name '\u0413' cannot be represented in the current code page (1252)
C:\Users\ricky\source\repos\7.4 oop\7.4 oop\Source.cpp(57,17): warning C4566: character represented by universal-character-name '\u043E' cannot be represented in the current code page (1252)
C:\Users\ricky\source\repos\7.4 oop\7.4 oop\Source.cpp(57,17): warning C4566: character represented by universal-character-name '\u0434' cannot be represented in the current code page (1252)
C:\Users\ricky\source\repos\7.4 oop\7.4 oop\Source.cpp(57,17): warning C4566: character represented by universal-character-name '\u0438' cannot be represented in the current code page (1252)
C:\Users\ricky\source\repos\7.4 oop\7.4 oop\Source.cpp(57,17): warning C4566: character represented by universal-character-name '\u043D' cannot be represented in the current code page (1252)
C:\Users\ricky\source\repos\7.4 oop\7.4 oop\Source.cpp(57,17): warning C4566: character represented by universal-character-name '\u0430' cannot be represented in the current code page (1252)
C:\Users\ricky\source\repos\7.4 oop\7.4 oop\Source.cpp(57,17): warning C4566: character represented by universal-character-name '\u0432' cannot be represented in the current code page (1252)
C:\Users\ricky\source\repos\7.4 oop\7.4 oop\Source.cpp(57,17): warning C4566: character represented by universal-character-name '\u0456' cannot be represented in the current code page (1252)
C:\Users\ricky\source\repos\7.4 oop\7.4 oop\Source.cpp(57,17): warning C4566: character represented by universal-character-name '\u043F' cannot be represented in the current code page (1252)
C:\Users\ricky\source\repos\7.4 oop\7.4 oop\Source.cpp(57,17): warning C4566: character represented by universal-character-name '\u0440' cannot be represented in the current code page (1252)
C:\Users\ricky\source\repos\7.4 oop\7.4 oop\Source.cpp(57,17): warning C4566: character represented by universal-character-name '\u043B' cannot be represented in the current code page (1252)
C:\Users\ricky\source\repos\7.4 oop\7.4 oop\Source.cpp(57,17): warning C4566: character represented by universal-character-name '\u0435' cannot be represented in the current code page (1252)
C:\Users\ricky\source\repos\7.4 oop\7.4 oop\Source.cpp(57,17): warning C4566: character represented by universal-character-name '\u044F' cannot be represented in the current code page (1252)
C:\Users\ricky\source\repos\7.4 oop\7.4 oop\Source.cpp(58,17): warning C4566: character represented by universal-character-name '\u0425' cannot be represented in the current code page (1252)
C:\Users\ricky\source\repos\7.4 oop\7.4 oop\Source.cpp(58,17): warning C4566: character represented by universal-character-name '\u0432' cannot be represented in the current code page (1252)
C:\Users\ricky\source\repos\7.4 oop\7.4 oop\Source.cpp(58,17): warning C4566: character represented by universal-character-name '\u0438' cannot be represented in the current code page (1252)
C:\Users\ricky\source\repos\7.4 oop\7.4 oop\Source.cpp(58,17): warning C4566: character represented by universal-character-name '\u043B' cannot be represented in the current code page (1252)
C:\Users\ricky\source\repos\7.4 oop\7.4 oop\Source.cpp(58,17): warning C4566: character represented by universal-character-name '\u043D' cannot be represented in the current code page (1252)
C:\Users\ricky\source\repos\7.4 oop\7.4 oop\Source.cpp(58,17): warning C4566: character represented by universal-character-name '\u0430' cannot be represented in the current code page (1252)
C:\Users\ricky\source\repos\7.4 oop\7.4 oop\Source.cpp(58,17): warning C4566: character represented by universal-character-name '\u0456' cannot be represented in the current code page (1252)
C:\Users\ricky\source\repos\7.4 oop\7.4 oop\Source.cpp(58,17): warning C4566: character represented by universal-character-name '\u0434' cannot be represented in the current code page (1252)
C:\Users\ricky\source\repos\7.4 oop\7.4 oop\Source.cpp(58,17): warning C4566: character represented by universal-character-name '\u043F' cannot be represented in the current code page (1252)
C:\Users\ricky\source\repos\7.4 oop\7.4 oop\Source.cpp(58,17): warning C4566: character represented by universal-character-name '\u0440' cannot be represented in the current code page (1252)
C:\Users\ricky\source\repos\7.4 oop\7.4 oop\Source.cpp(58,17): warning C4566: character represented by universal-character-name '\u0435' cannot be represented in the current code page (1252)
C:\Users\ricky\source\repos\7.4 oop\7.4 oop\Source.cpp(58,17): warning C4566: character represented by universal-character-name '\u044F' cannot be represented in the current code page (1252)
C:\Users\ricky\source\repos\7.4 oop\7.4 oop\Source.cpp(62,23): warning C4018: '<': signed/unsigned mismatch
C:\Users\ricky\source\repos\7.4 oop\7.4 oop\Source.cpp(64,17): warning C4566: character represented by universal-character-name '\u041C' cannot be represented in the current code page (1252)
C:\Users\ricky\source\repos\7.4 oop\7.4 oop\Source.cpp(64,17): warning C4566: character represented by universal-character-name '\u0456' cannot be represented in the current code page (1252)
C:\Users\ricky\source\repos\7.4 oop\7.4 oop\Source.cpp(64,17): warning C4566: character represented by universal-character-name '\u0441' cannot be represented in the current code page (1252)
C:\Users\ricky\source\repos\7.4 oop\7.4 oop\Source.cpp(64,17): warning C4566: character represented by universal-character-name '\u0442' cannot be represented in the current code page (1252)
C:\Users\ricky\source\repos\7.4 oop\7.4 oop\Source.cpp(64,17): warning C4566: character represented by universal-character-name '\u043E' cannot be represented in the current code page (1252)
C:\Users\ricky\source\repos\7.4 oop\7.4 oop\Source.cpp(64,17): warning C4566: character represented by universal-character-name '\u0432' cannot be represented in the current code page (1252)
C:\Users\ricky\source\repos\7.4 oop\7.4 oop\Source.cpp(64,17): warning C4566: character represented by universal-character-name '\u0434' cannot be represented in the current code page (1252)
C:\Users\ricky\source\repos\7.4 oop\7.4 oop\Source.cpp(64,17): warning C4566: character represented by universal-character-name '\u043F' cannot be represented in the current code page (1252)
C:\Users\ricky\source\repos\7.4 oop\7.4 oop\Source.cpp(64,17): warning C4566: character represented by universal-character-name '\u0440' cannot be represented in the current code page (1252)
C:\Users\ricky\source\repos\7.4 oop\7.4 oop\Source.cpp(64,17): warning C4566: character represented by universal-character-name '\u0430' cannot be represented in the current code page (1252)
C:\Users\ricky\source\repos\7.4 oop\7.4 oop\Source.cpp(64,17): warning C4566: character represented by universal-character-name '\u043B' cannot be represented in the current code page (1252)
C:\Users\ricky\source\repos\7.4 oop\7.4 oop\Source.cpp(64,17): warning C4566: character represented by universal-character-name '\u0435' cannot be represented in the current code page (1252)
C:\Users\ricky\source\repos\7.4 oop\7.4 oop\Source.cpp(64,17): warning C4566: character represented by universal-character-name '\u043D' cannot be represented in the current code page (1252)
C:\Users\ricky\source\repos\7.4 oop\7.4 oop\Source.cpp(64,17): warning C4566: character represented by universal-character-name '\u044F' cannot be represented in the current code page (1252)
C:\Users\ricky\source\repos\7.4 oop\7.4 oop\Source.cpp(66,21): warning C4566: character represented by universal-character-name '\u0422' cannot be represented in the current code page (1252)
C:\Users\ricky\source\repos\7.4 oop\7.4 oop\Source.cpp(66,21): warning C4566: character represented by universal-character-name '\u0438' cannot be represented in the current code page (1252)
C:\Users\ricky\source\repos\7.4 oop\7.4 oop\Source.cpp(66,21): warning C4566: character represented by universal-character-name '\u043F' cannot be represented in the current code page (1252)
C:\Users\ricky\source\repos\7.4 oop\7.4 oop\Source.cpp(66,21): warning C4566: character represented by universal-character-name '\u0417' cannot be represented in the current code page (1252)
C:\Users\ricky\source\repos\7.4 oop\7.4 oop\Source.cpp(66,21): warning C4566: character represented by universal-character-name '\u0432' cannot be represented in the current code page (1252)
C:\Users\ricky\source\repos\7.4 oop\7.4 oop\Source.cpp(66,21): warning C4566: character represented by universal-character-name '\u0447' cannot be represented in the current code page (1252)
C:\Users\ricky\source\repos\7.4 oop\7.4 oop\Source.cpp(66,21): warning C4566: character represented by universal-character-name '\u0430' cannot be represented in the current code page (1252)
C:\Users\ricky\source\repos\7.4 oop\7.4 oop\Source.cpp(66,21): warning C4566: character represented by universal-character-name '\u0439' cannot be represented in the current code page (1252)
C:\Users\ricky\source\repos\7.4 oop\7.4 oop\Source.cpp(66,21): warning C4566: character represented by universal-character-name '\u043D' cannot be represented in the current code page (1252)
C:\Users\ricky\source\repos\7.4 oop\7.4 oop\Source.cpp(69,25): warning C4566: character represented by universal-character-name '\u0422' cannot be represented in the current code page (1252)
C:\Users\ricky\source\repos\7.4 oop\7.4 oop\Source.cpp(69,25): warning C4566: character represented by universal-character-name '\u0438' cannot be represented in the current code page (1252)
C:\Users\ricky\source\repos\7.4 oop\7.4 oop\Source.cpp(69,25): warning C4566: character represented by universal-character-name '\u043F' cannot be represented in the current code page (1252)
C:\Users\ricky\source\repos\7.4 oop\7.4 oop\Source.cpp(69,25): warning C4566: character represented by universal-character-name '\u041F' cannot be represented in the current code page (1252)
C:\Users\ricky\source\repos\7.4 oop\7.4 oop\Source.cpp(69,25): warning C4566: character represented by universal-character-name '\u0456' cannot be represented in the current code page (1252)
C:\Users\ricky\source\repos\7.4 oop\7.4 oop\Source.cpp(69,25): warning C4566: character represented by universal-character-name '\u0434' cannot be represented in the current code page (1252)
C:\Users\ricky\source\repos\7.4 oop\7.4 oop\Source.cpp(69,25): warning C4566: character represented by universal-character-name '\u0432' cannot be represented in the current code page (1252)
C:\Users\ricky\source\repos\7.4 oop\7.4 oop\Source.cpp(69,25): warning C4566: character represented by universal-character-name '\u0449' cannot be represented in the current code page (1252)
C:\Users\ricky\source\repos\7.4 oop\7.4 oop\Source.cpp(69,25): warning C4566: character represented by universal-character-name '\u0435' cannot be represented in the current code page (1252)
C:\Users\ricky\source\repos\7.4 oop\7.4 oop\Source.cpp(69,25): warning C4566: character represented by universal-character-name '\u043D' cannot be represented in the current code page (1252)
C:\Users\ricky\source\repos\7.4 oop\7.4 oop\Source.cpp(69,25): warning C4566: character represented by universal-character-name '\u043E' cannot be represented in the current code page (1252)
C:\Users\ricky\source\repos\7.4 oop\7.4 oop\Source.cpp(69,25): warning C4566: character represented by universal-character-name '\u0433' cannot be represented in the current code page (1252)
C:\Users\ricky\source\repos\7.4 oop\7.4 oop\Source.cpp(69,25): warning C4566: character represented by universal-character-name '\u043A' cannot be represented in the current code page (1252)
C:\Users\ricky\source\repos\7.4 oop\7.4 oop\Source.cpp(69,25): warning C4566: character represented by universal-character-name '\u043C' cannot be represented in the current code page (1252)
C:\Users\ricky\source\repos\7.4 oop\7.4 oop\Source.cpp(69,25): warning C4566: character represented by universal-character-name '\u0444' cannot be represented in the current code page (1252)
C:\Users\ricky\source\repos\7.4 oop\7.4 oop\Source.cpp(69,25): warning C4566: character represented by universal-character-name '\u0440' cannot be represented in the current code page (1252)
C:\Users\ricky\source\repos\7.4 oop\7.4 oop\Source.cpp(69,25): warning C4566: character represented by universal-character-name '\u0442' cannot be represented in the current code page (1252)
C:\Users\ricky\source\repos\7.4 oop\7.4 oop\Source.cpp(69,25): warning C4566: character represented by universal-character-name '\u0443' cannot be represented in the current code page (1252)
C:\Users\ricky\source\repos\7.4 oop\7.4 oop\Source.cpp(71,25): warning C4566: character represented by universal-character-name '\u0422' cannot be represented in the current code page (1252)
C:\Users\ricky\source\repos\7.4 oop\7.4 oop\Source.cpp(71,25): warning C4566: character represented by universal-character-name '\u0438' cannot be represented in the current code page (1252)
C:\Users\ricky\source\repos\7.4 oop\7.4 oop\Source.cpp(71,25): warning C4566: character represented by universal-character-name '\u043F' cannot be represented in the current code page (1252)
C:\Users\ricky\source\repos\7.4 oop\7.4 oop\Source.cpp(71,25): warning C4566: character represented by universal-character-name '\u0428' cannot be represented in the current code page (1252)
C:\Users\ricky\source\repos\7.4 oop\7.4 oop\Source.cpp(71,25): warning C4566: character represented by universal-character-name '\u0432' cannot be represented in the current code page (1252)
C:\Users\ricky\source\repos\7.4 oop\7.4 oop\Source.cpp(71,25): warning C4566: character represented by universal-character-name '\u0434' cannot be represented in the current code page (1252)
C:\Users\ricky\source\repos\7.4 oop\7.4 oop\Source.cpp(71,25): warning C4566: character represented by universal-character-name '\u043A' cannot be represented in the current code page (1252)
C:\Users\ricky\source\repos\7.4 oop\7.4 oop\Source.cpp(71,25): warning C4566: character represented by universal-character-name '\u0456' cannot be represented in the current code page (1252)
C:\Users\ricky\source\repos\7.4 oop\7.4 oop\Source.cpp(71,25): warning C4566: character represented by universal-character-name '\u0441' cannot be represented in the current code page (1252)
C:\Users\ricky\source\repos\7.4 oop\7.4 oop\Source.cpp(71,25): warning C4566: character represented by universal-character-name '\u043D' cannot be represented in the current code page (1252)
C:\Users\ricky\source\repos\7.4 oop\7.4 oop\Source.cpp(71,25): warning C4566: character represented by universal-character-name '\u0439' cannot be represented in the current code page (1252)
C:\Users\ricky\source\repos\7.4 oop\7.4 oop\Source.cpp(71,25): warning C4566: character represented by universal-character-name '\u0435' cannot be represented in the current code page (1252)
C:\Users\ricky\source\repos\7.4 oop\7.4 oop\Source.cpp(71,25): warning C4566: character represented by universal-character-name '\u0440' cannot be represented in the current code page (1252)
C:\Users\ricky\source\repos\7.4 oop\7.4 oop\Source.cpp(72,17): warning C4566: character represented by universal-character-name '\u0413' cannot be represented in the current code page (1252)
C:\Users\ricky\source\repos\7.4 oop\7.4 oop\Source.cpp(72,17): warning C4566: character represented by universal-character-name '\u043E' cannot be represented in the current code page (1252)
C:\Users\ricky\source\repos\7.4 oop\7.4 oop\Source.cpp(72,17): warning C4566: character represented by universal-character-name '\u0434' cannot be represented in the current code page (1252)
C:\Users\ricky\source\repos\7.4 oop\7.4 oop\Source.cpp(72,17): warning C4566: character represented by universal-character-name '\u0438' cannot be represented in the current code page (1252)
C:\Users\ricky\source\repos\7.4 oop\7.4 oop\Source.cpp(72,17): warning C4566: character represented by universal-character-name '\u043D' cannot be represented in the current code page (1252)
C:\Users\ricky\source\repos\7.4 oop\7.4 oop\Source.cpp(72,17): warning C4566: character represented by universal-character-name '\u0430' cannot be represented in the current code page (1252)
C:\Users\ricky\source\repos\7.4 oop\7.4 oop\Source.cpp(72,17): warning C4566: character represented by universal-character-name '\u0432' cannot be represented in the current code page (1252)
C:\Users\ricky\source\repos\7.4 oop\7.4 oop\Source.cpp(72,17): warning C4566: character represented by universal-character-name '\u0456' cannot be represented in the current code page (1252)
C:\Users\ricky\source\repos\7.4 oop\7.4 oop\Source.cpp(72,17): warning C4566: character represented by universal-character-name '\u043F' cannot be represented in the current code page (1252)
C:\Users\ricky\source\repos\7.4 oop\7.4 oop\Source.cpp(72,17): warning C4566: character represented by universal-character-name '\u0440' cannot be represented in the current code page (1252)
C:\Users\ricky\source\repos\7.4 oop\7.4 oop\Source.cpp(72,17): warning C4566: character represented by universal-character-name '\u043B' cannot be represented in the current code page (1252)
C:\Users\ricky\source\repos\7.4 oop\7.4 oop\Source.cpp(72,17): warning C4566: character represented by universal-character-name '\u0435' cannot be represented in the current code page (1252)
C:\Users\ricky\source\repos\7.4 oop\7.4 oop\Source.cpp(72,17): warning C4566: character represented by universal-character-name '\u044F' cannot be represented in the current code page (1252)
C:\Users\ricky\source\repos\7.4 oop\7.4 oop\Source.cpp(73,17): warning C4566: character represented by universal-character-name '\u0425' cannot be represented in the current code page (1252)
C:\Users\ricky\source\repos\7.4 oop\7.4 oop\Source.cpp(73,17): warning C4566: character represented by universal-character-name '\u0432' cannot be represented in the current code page (1252)
C:\Users\ricky\source\repos\7.4 oop\7.4 oop\Source.cpp(73,17): warning C4566: character represented by universal-character-name '\u0438' cannot be represented in the current code page (1252)
C:\Users\ricky\source\repos\7.4 oop\7.4 oop\Source.cpp(73,17): warning C4566: character represented by universal-character-name '\u043B' cannot be represented in the current code page (1252)
C:\Users\ricky\source\repos\7.4 oop\7.4 oop\Source.cpp(73,17): warning C4566: character represented by universal-character-name '\u043D' cannot be represented in the current code page (1252)
C:\Users\ricky\source\repos\7.4 oop\7.4 oop\Source.cpp(73,17): warning C4566: character represented by universal-character-name '\u0430' cannot be represented in the current code page (1252)
C:\Users\ricky\source\repos\7.4 oop\7.4 oop\Source.cpp(73,17): warning C4566: character represented by universal-character-name '\u0456' cannot be represented in the current code page (1252)
C:\Users\ricky\source\repos\7.4 oop\7.4 oop\Source.cpp(73,17): warning C4566: character represented by universal-character-name '\u0434' cannot be represented in the current code page (1252)
C:\Users\ricky\source\repos\7.4 oop\7.4 oop\Source.cpp(73,17): warning C4566: character represented by universal-character-name '\u043F' cannot be represented in the current code page (1252)
C:\Users\ricky\source\repos\7.4 oop\7.4 oop\Source.cpp(73,17): warning C4566: character represented by universal-character-name '\u0440' cannot be represented in the current code page (1252)
C:\Users\ricky\source\repos\7.4 oop\7.4 oop\Source.cpp(73,17): warning C4566: character represented by universal-character-name '\u0435' cannot be represented in the current code page (1252)
C:\Users\ricky\source\repos\7.4 oop\7.4 oop\Source.cpp(73,17): warning C4566: character represented by universal-character-name '\u044F' cannot be represented in the current code page (1252)
C:\Users\ricky\source\repos\7.4 oop\7.4 oop\Source.cpp(78,23): warning C4018: '<': signed/unsigned mismatch
C:\Users\ricky\source\repos\7.4 oop\7.4 oop\Source.cpp(89,23): warning C4018: '<': signed/unsigned mismatch
C:\Users\ricky\source\repos\7.4 oop\7.4 oop\Source.cpp(90,27): warning C4018: '<': signed/unsigned mismatch
C:\Users\ricky\source\repos\7.4 oop\7.4 oop\Source.cpp(113,17): warning C4566: character represented by universal-character-name '\u0414' cannot be represented in the current code page (1252)
C:\Users\ricky\source\repos\7.4 oop\7.4 oop\Source.cpp(113,17): warning C4566: character represented by universal-character-name '\u043E' cannot be represented in the current code page (1252)
C:\Users\ricky\source\repos\7.4 oop\7.4 oop\Source.cpp(113,17): warning C4566: character represented by universal-character-name '\u0434' cannot be represented in the current code page (1252)
C:\Users\ricky\source\repos\7.4 oop\7.4 oop\Source.cpp(113,17): warning C4566: character represented by universal-character-name '\u0430' cannot be represented in the current code page (1252)
C:\Users\ricky\source\repos\7.4 oop\7.4 oop\Source.cpp(113,17): warning C4566: character represented by universal-character-name '\u0442' cannot be represented in the current code page (1252)
C:\Users\ricky\source\repos\7.4 oop\7.4 oop\Source.cpp(113,17): warning C4566: character represented by universal-character-name '\u0438' cannot be represented in the current code page (1252)
C:\Users\ricky\source\repos\7.4 oop\7.4 oop\Source.cpp(113,17): warning C4566: character represented by universal-character-name '\u0437' cannot be represented in the current code page (1252)
C:\Users\ricky\source\repos\7.4 oop\7.4 oop\Source.cpp(113,17): warning C4566: character represented by universal-character-name '\u043F' cannot be represented in the current code page (1252)
C:\Users\ricky\source\repos\7.4 oop\7.4 oop\Source.cpp(113,17): warning C4566: character represented by universal-character-name '\u0441' cannot be represented in the current code page (1252)
C:\Users\ricky\source\repos\7.4 oop\7.4 oop\Source.cpp(114,17): warning C4566: character represented by universal-character-name '\u0412' cannot be represented in the current code page (1252)
C:\Users\ricky\source\repos\7.4 oop\7.4 oop\Source.cpp(114,17): warning C4566: character represented by universal-character-name '\u0456' cannot be represented in the current code page (1252)
C:\Users\ricky\source\repos\7.4 oop\7.4 oop\Source.cpp(114,17): warning C4566: character represented by universal-character-name '\u0434' cannot be represented in the current code page (1252)
C:\Users\ricky\source\repos\7.4 oop\7.4 oop\Source.cpp(114,17): warning C4566: character represented by universal-character-name '\u043E' cannot be represented in the current code page (1252)
C:\Users\ricky\source\repos\7.4 oop\7.4 oop\Source.cpp(114,17): warning C4566: character represented by universal-character-name '\u0431' cannot be represented in the current code page (1252)
C:\Users\ricky\source\repos\7.4 oop\7.4 oop\Source.cpp(114,17): warning C4566: character represented by universal-character-name '\u0440' cannot be represented in the current code page (1252)
C:\Users\ricky\source\repos\7.4 oop\7.4 oop\Source.cpp(114,17): warning C4566: character represented by universal-character-name '\u0430' cannot be represented in the current code page (1252)
C:\Users\ricky\source\repos\7.4 oop\7.4 oop\Source.cpp(114,17): warning C4566: character represented by universal-character-name '\u0437' cannot be represented in the current code page (1252)
C:\Users\ricky\source\repos\7.4 oop\7.4 oop\Source.cpp(114,17): warning C4566: character represented by universal-character-name '\u0438' cannot be represented in the current code page (1252)
C:\Users\ricky\source\repos\7.4 oop\7.4 oop\Source.cpp(114,17): warning C4566: character represented by universal-character-name '\u0442' cannot be represented in the current code page (1252)
C:\Users\ricky\source\repos\7.4 oop\7.4 oop\Source.cpp(114,17): warning C4566: character represented by universal-character-name '\u043F' cannot be represented in the current code page (1252)
C:\Users\ricky\source\repos\7.4 oop\7.4 oop\Source.cpp(114,17): warning C4566: character represented by universal-character-name '\u0441' cannot be represented in the current code page (1252)
C:\Users\ricky\source\repos\7.4 oop\7.4 oop\Source.cpp(115,17): warning C4566: character represented by universal-character-name '\u0412' cannot be represented in the current code page (1252)
C:\Users\ricky\source\repos\7.4 oop\7.4 oop\Source.cpp(115,17): warning C4566: character represented by universal-character-name '\u0438' cannot be represented in the current code page (1252)
C:\Users\ricky\source\repos\7.4 oop\7.4 oop\Source.cpp(115,17): warning C4566: character represented by universal-character-name '\u0432' cannot be represented in the current code page (1252)
C:\Users\ricky\source\repos\7.4 oop\7.4 oop\Source.cpp(115,17): warning C4566: character represented by universal-character-name '\u0435' cannot be represented in the current code page (1252)
C:\Users\ricky\source\repos\7.4 oop\7.4 oop\Source.cpp(115,17): warning C4566: character represented by universal-character-name '\u0441' cannot be represented in the current code page (1252)
C:\Users\ricky\source\repos\7.4 oop\7.4 oop\Source.cpp(115,17): warning C4566: character represented by universal-character-name '\u0442' cannot be represented in the current code page (1252)
C:\Users\ricky\source\repos\7.4 oop\7.4 oop\Source.cpp(115,17): warning C4566: character represented by universal-character-name '\u0456' cannot be represented in the current code page (1252)
C:\Users\ricky\source\repos\7.4 oop\7.4 oop\Source.cpp(115,17): warning C4566: character represented by universal-character-name '\u0434' cannot be represented in the current code page (1252)
C:\Users\ricky\source\repos\7.4 oop\7.4 oop\Source.cpp(115,17): warning C4566: character represented by universal-character-name '\u043F' cannot be represented in the current code page (1252)
C:\Users\ricky\source\repos\7.4 oop\7.4 oop\Source.cpp(115,17): warning C4566: character represented by universal-character-name '\u043E' cannot be represented in the current code page (1252)
C:\Users\ricky\source\repos\7.4 oop\7.4 oop\Source.cpp(115,17): warning C4566: character represented by universal-character-name '\u043D' cannot be represented in the current code page (1252)
C:\Users\ricky\source\repos\7.4 oop\7.4 oop\Source.cpp(115,17): warning C4566: character represented by universal-character-name '\u0447' cannot be represented in the current code page (1252)
C:\Users\ricky\source\repos\7.4 oop\7.4 oop\Source.cpp(115,17): warning C4566: character represented by universal-character-name '\u0430' cannot be represented in the current code page (1252)
C:\Users\ricky\source\repos\7.4 oop\7.4 oop\Source.cpp(115,17): warning C4566: character represented by universal-character-name '\u0443' cannot be represented in the current code page (1252)
C:\Users\ricky\source\repos\7.4 oop\7.4 oop\Source.cpp(116,17): warning C4566: character represented by universal-character-name '\u0412' cannot be represented in the current code page (1252)
C:\Users\ricky\source\repos\7.4 oop\7.4 oop\Source.cpp(116,17): warning C4566: character represented by universal-character-name '\u0438' cannot be represented in the current code page (1252)
C:\Users\ricky\source\repos\7.4 oop\7.4 oop\Source.cpp(116,17): warning C4566: character represented by universal-character-name '\u0439' cannot be represented in the current code page (1252)
C:\Users\ricky\source\repos\7.4 oop\7.4 oop\Source.cpp(116,17): warning C4566: character represented by universal-character-name '\u0442' cannot be represented in the current code page (1252)
C:\Users\ricky\source\repos\7.4 oop\7.4 oop\Source.cpp(128,21): warning C4566: character represented by universal-character-name '\u0413' cannot be represented in the current code page (1252)
C:\Users\ricky\source\repos\7.4 oop\7.4 oop\Source.cpp(128,21): warning C4566: character represented by universal-character-name '\u043E' cannot be represented in the current code page (1252)
C:\Users\ricky\source\repos\7.4 oop\7.4 oop\Source.cpp(128,21): warning C4566: character represented by universal-character-name '\u0434' cannot be represented in the current code page (1252)
C:\Users\ricky\source\repos\7.4 oop\7.4 oop\Source.cpp(128,21): warning C4566: character represented by universal-character-name '\u0438' cannot be represented in the current code page (1252)
C:\Users\ricky\source\repos\7.4 oop\7.4 oop\Source.cpp(128,21): warning C4566: character represented by universal-character-name '\u043D' cannot be represented in the current code page (1252)
C:\Users\ricky\source\repos\7.4 oop\7.4 oop\Source.cpp(128,21): warning C4566: character represented by universal-character-name '\u0430' cannot be represented in the current code page (1252)
C:\Users\ricky\source\repos\7.4 oop\7.4 oop\Source.cpp(128,21): warning C4566: character represented by universal-character-name '\u0432' cannot be represented in the current code page (1252)
C:\Users\ricky\source\repos\7.4 oop\7.4 oop\Source.cpp(128,21): warning C4566: character represented by universal-character-name '\u0456' cannot be represented in the current code page (1252)
C:\Users\ricky\source\repos\7.4 oop\7.4 oop\Source.cpp(128,21): warning C4566: character represented by universal-character-name '\u043F' cannot be represented in the current code page (1252)
C:\Users\ricky\source\repos\7.4 oop\7.4 oop\Source.cpp(128,21): warning C4566: character represented by universal-character-name '\u0440' cannot be represented in the current code page (1252)
C:\Users\ricky\source\repos\7.4 oop\7.4 oop\Source.cpp(128,21): warning C4566: character represented by universal-character-name '\u043B' cannot be represented in the current code page (1252)
C:\Users\ricky\source\repos\7.4 oop\7.4 oop\Source.cpp(128,21): warning C4566: character represented by universal-character-name '\u0435' cannot be represented in the current code page (1252)
C:\Users\ricky\source\repos\7.4 oop\7.4 oop\Source.cpp(128,21): warning C4566: character represented by universal-character-name '\u044F' cannot be represented in the current code page (1252)
C:\Users\ricky\source\repos\7.4 oop\7.4 oop\Source.cpp(133,17): warning C4566: character represented by universal-character-name '\u0425' cannot be represented in the current code page (1252)
C:\Users\ricky\source\repos\7.4 oop\7.4 oop\Source.cpp(133,17): warning C4566: character represented by universal-character-name '\u0432' cannot be represented in the current code page (1252)
C:\Users\ricky\source\repos\7.4 oop\7.4 oop\Source.cpp(133,17): warning C4566: character represented by universal-character-name '\u0438' cannot be represented in the current code page (1252)
C:\Users\ricky\source\repos\7.4 oop\7.4 oop\Source.cpp(133,17): warning C4566: character represented by universal-character-name '\u043B' cannot be represented in the current code page (1252)
C:\Users\ricky\source\repos\7.4 oop\7.4 oop\Source.cpp(133,17): warning C4566: character represented by universal-character-name '\u043D' cannot be represented in the current code page (1252)
C:\Users\ricky\source\repos\7.4 oop\7.4 oop\Source.cpp(133,17): warning C4566: character represented by universal-character-name '\u0430' cannot be represented in the current code page (1252)
C:\Users\ricky\source\repos\7.4 oop\7.4 oop\Source.cpp(133,17): warning C4566: character represented by universal-character-name '\u0456' cannot be represented in the current code page (1252)
C:\Users\ricky\source\repos\7.4 oop\7.4 oop\Source.cpp(133,17): warning C4566: character represented by universal-character-name '\u0434' cannot be represented in the current code page (1252)
C:\Users\ricky\source\repos\7.4 oop\7.4 oop\Source.cpp(133,17): warning C4566: character represented by universal-character-name '\u043F' cannot be represented in the current code page (1252)
C:\Users\ricky\source\repos\7.4 oop\7.4 oop\Source.cpp(133,17): warning C4566: character represented by universal-character-name '\u0440' cannot be represented in the current code page (1252)
C:\Users\ricky\source\repos\7.4 oop\7.4 oop\Source.cpp(133,17): warning C4566: character represented by universal-character-name '\u0435' cannot be represented in the current code page (1252)
C:\Users\ricky\source\repos\7.4 oop\7.4 oop\Source.cpp(133,17): warning C4566: character represented by universal-character-name '\u044F' cannot be represented in the current code page (1252)
  7.4 oop.vcxproj -> C:\Users\ricky\source\repos\7.4 oop\Debug\7.4 oop.exe
