  Source.cpp
C:\Users\ricky\source\repos\7.3 oop\7.3 oop\Source.cpp(53,13): warning C4566: character represented by universal-character-name '\u043F' cannot be represented in the current code page (1252)
C:\Users\ricky\source\repos\7.3 oop\7.3 oop\Source.cpp(53,13): warning C4566: character represented by universal-character-name '\u0435' cannot be represented in the current code page (1252)
C:\Users\ricky\source\repos\7.3 oop\7.3 oop\Source.cpp(53,13): warning C4566: character represented by universal-character-name '\u0440' cannot be represented in the current code page (1252)
C:\Users\ricky\source\repos\7.3 oop\7.3 oop\Source.cpp(53,13): warning C4566: character represented by universal-character-name '\u0448' cannot be represented in the current code page (1252)
C:\Users\ricky\source\repos\7.3 oop\7.3 oop\Source.cpp(53,13): warning C4566: character represented by universal-character-name '\u0430' cannot be represented in the current code page (1252)
C:\Users\ricky\source\repos\7.3 oop\7.3 oop\Source.cpp(53,13): warning C4566: character represented by universal-character-name '\u043E' cannot be represented in the current code page (1252)
C:\Users\ricky\source\repos\7.3 oop\7.3 oop\Source.cpp(53,13): warning C4566: character represented by universal-character-name '\u0441' cannot be represented in the current code page (1252)
C:\Users\ricky\source\repos\7.3 oop\7.3 oop\Source.cpp(53,13): warning C4566: character represented by universal-character-name '\u043B' cannot be represented in the current code page (1252)
C:\Users\ricky\source\repos\7.3 oop\7.3 oop\Source.cpp(53,13): warning C4566: character represented by universal-character-name '\u0456' cannot be represented in the current code page (1252)
C:\Users\ricky\source\repos\7.3 oop\7.3 oop\Source.cpp(53,13): warning C4566: character represented by universal-character-name '\u0434' cannot be represented in the current code page (1252)
C:\Users\ricky\source\repos\7.3 oop\7.3 oop\Source.cpp(53,13): warning C4566: character represented by universal-character-name '\u0432' cannot be represented in the current code page (1252)
C:\Users\ricky\source\repos\7.3 oop\7.3 oop\Source.cpp(53,13): warning C4566: character represented by universal-character-name '\u043D' cannot be represented in the current code page (1252)
C:\Users\ricky\source\repos\7.3 oop\7.3 oop\Source.cpp(53,13): warning C4566: character represented by universal-character-name '\u0442' cannot be represented in the current code page (1252)
C:\Users\ricky\source\repos\7.3 oop\7.3 oop\Source.cpp(53,13): warning C4566: character represented by universal-character-name '\u044C' cannot be represented in the current code page (1252)
C:\Users\ricky\source\repos\7.3 oop\7.3 oop\Source.cpp(53,13): warning C4566: character represented by universal-character-name '\u0438' cannot be represented in the current code page (1252)
C:\Users\ricky\source\repos\7.3 oop\7.3 oop\Source.cpp(53,13): warning C4566: character represented by universal-character-name '\u043C' cannot be represented in the current code page (1252)
C:\Users\ricky\source\repos\7.3 oop\7.3 oop\Source.cpp(55,13): warning C4566: character represented by universal-character-name '\u043F' cannot be represented in the current code page (1252)
C:\Users\ricky\source\repos\7.3 oop\7.3 oop\Source.cpp(55,13): warning C4566: character represented by universal-character-name '\u0435' cannot be represented in the current code page (1252)
C:\Users\ricky\source\repos\7.3 oop\7.3 oop\Source.cpp(55,13): warning C4566: character represented by universal-character-name '\u0440' cannot be represented in the current code page (1252)
C:\Users\ricky\source\repos\7.3 oop\7.3 oop\Source.cpp(55,13): warning C4566: character represented by universal-character-name '\u0448' cannot be represented in the current code page (1252)
C:\Users\ricky\source\repos\7.3 oop\7.3 oop\Source.cpp(55,13): warning C4566: character represented by universal-character-name '\u0430' cannot be represented in the current code page (1252)
C:\Users\ricky\source\repos\7.3 oop\7.3 oop\Source.cpp(55,13): warning C4566: character represented by universal-character-name '\u043C' cannot be represented in the current code page (1252)
C:\Users\ricky\source\repos\7.3 oop\7.3 oop\Source.cpp(55,13): warning C4566: character represented by universal-character-name '\u043D' cannot be represented in the current code page (1252)
C:\Users\ricky\source\repos\7.3 oop\7.3 oop\Source.cpp(55,13): warning C4566: character represented by universal-character-name '\u043E' cannot be represented in the current code page (1252)
C:\Users\ricky\source\repos\7.3 oop\7.3 oop\Source.cpp(55,13): warning C4566: character represented by universal-character-name '\u0436' cannot be represented in the current code page (1252)
C:\Users\ricky\source\repos\7.3 oop\7.3 oop\Source.cpp(55,13): warning C4566: character represented by universal-character-name '\u0438' cannot be represented in the current code page (1252)
C:\Users\ricky\source\repos\7.3 oop\7.3 oop\Source.cpp(57,13): warning C4566: character represented by universal-character-name '\u0434' cannot be represented in the current code page (1252)
C:\Users\ricky\source\repos\7.3 oop\7.3 oop\Source.cpp(57,13): warning C4566: character represented by universal-character-name '\u0440' cannot be represented in the current code page (1252)
C:\Users\ricky\source\repos\7.3 oop\7.3 oop\Source.cpp(57,13): warning C4566: character represented by universal-character-name '\u0443' cannot be represented in the current code page (1252)
C:\Users\ricky\source\repos\7.3 oop\7.3 oop\Source.cpp(57,13): warning C4566: character represented by universal-character-name '\u0433' cannot be represented in the current code page (1252)
C:\Users\ricky\source\repos\7.3 oop\7.3 oop\Source.cpp(57,13): warning C4566: character represented by universal-character-name '\u0430' cannot be represented in the current code page (1252)
C:\Users\ricky\source\repos\7.3 oop\7.3 oop\Source.cpp(57,13): warning C4566: character represented by universal-character-name '\u043F' cannot be represented in the current code page (1252)
C:\Users\ricky\source\repos\7.3 oop\7.3 oop\Source.cpp(57,13): warning C4566: character represented by universal-character-name '\u043E' cannot be represented in the current code page (1252)
C:\Users\ricky\source\repos\7.3 oop\7.3 oop\Source.cpp(57,13): warning C4566: character represented by universal-character-name '\u0441' cannot be represented in the current code page (1252)
C:\Users\ricky\source\repos\7.3 oop\7.3 oop\Source.cpp(57,13): warning C4566: character represented by universal-character-name '\u043B' cannot be represented in the current code page (1252)
C:\Users\ricky\source\repos\7.3 oop\7.3 oop\Source.cpp(57,13): warning C4566: character represented by universal-character-name '\u0456' cannot be represented in the current code page (1252)
C:\Users\ricky\source\repos\7.3 oop\7.3 oop\Source.cpp(57,13): warning C4566: character represented by universal-character-name '\u0432' cannot be represented in the current code page (1252)
C:\Users\ricky\source\repos\7.3 oop\7.3 oop\Source.cpp(57,13): warning C4566: character represented by universal-character-name '\u043D' cannot be represented in the current code page (1252)
C:\Users\ricky\source\repos\7.3 oop\7.3 oop\Source.cpp(57,13): warning C4566: character represented by universal-character-name '\u0442' cannot be represented in the current code page (1252)
C:\Users\ricky\source\repos\7.3 oop\7.3 oop\Source.cpp(57,13): warning C4566: character represented by universal-character-name '\u044C' cannot be represented in the current code page (1252)
C:\Users\ricky\source\repos\7.3 oop\7.3 oop\Source.cpp(57,13): warning C4566: character represented by universal-character-name '\u0438' cannot be represented in the current code page (1252)
C:\Users\ricky\source\repos\7.3 oop\7.3 oop\Source.cpp(57,13): warning C4566: character represented by universal-character-name '\u043C' cannot be represented in the current code page (1252)
C:\Users\ricky\source\repos\7.3 oop\7.3 oop\Source.cpp(60,13): warning C4566: character represented by universal-character-name '\u0434' cannot be represented in the current code page (1252)
C:\Users\ricky\source\repos\7.3 oop\7.3 oop\Source.cpp(60,13): warning C4566: character represented by universal-character-name '\u0440' cannot be represented in the current code page (1252)
C:\Users\ricky\source\repos\7.3 oop\7.3 oop\Source.cpp(60,13): warning C4566: character represented by universal-character-name '\u0443' cannot be represented in the current code page (1252)
C:\Users\ricky\source\repos\7.3 oop\7.3 oop\Source.cpp(60,13): warning C4566: character represented by universal-character-name '\u0433' cannot be represented in the current code page (1252)
C:\Users\ricky\source\repos\7.3 oop\7.3 oop\Source.cpp(60,13): warning C4566: character represented by universal-character-name '\u0430' cannot be represented in the current code page (1252)
C:\Users\ricky\source\repos\7.3 oop\7.3 oop\Source.cpp(60,13): warning C4566: character represented by universal-character-name '\u043C' cannot be represented in the current code page (1252)
C:\Users\ricky\source\repos\7.3 oop\7.3 oop\Source.cpp(60,13): warning C4566: character represented by universal-character-name '\u043D' cannot be represented in the current code page (1252)
C:\Users\ricky\source\repos\7.3 oop\7.3 oop\Source.cpp(60,13): warning C4566: character represented by universal-character-name '\u043E' cannot be represented in the current code page (1252)
C:\Users\ricky\source\repos\7.3 oop\7.3 oop\Source.cpp(60,13): warning C4566: character represented by universal-character-name '\u0436' cannot be represented in the current code page (1252)
C:\Users\ricky\source\repos\7.3 oop\7.3 oop\Source.cpp(60,13): warning C4566: character represented by universal-character-name '\u0438' cannot be represented in the current code page (1252)
C:\Users\ricky\source\repos\7.3 oop\7.3 oop\Source.cpp(63,13): warning C4566: character represented by universal-character-name '\u0431' cannot be represented in the current code page (1252)
C:\Users\ricky\source\repos\7.3 oop\7.3 oop\Source.cpp(63,13): warning C4566: character represented by universal-character-name '\u0430' cannot be represented in the current code page (1252)
C:\Users\ricky\source\repos\7.3 oop\7.3 oop\Source.cpp(63,13): warning C4566: character represented by universal-character-name '\u0437' cannot be represented in the current code page (1252)
C:\Users\ricky\source\repos\7.3 oop\7.3 oop\Source.cpp(63,13): warning C4566: character represented by universal-character-name '\u043E' cannot be represented in the current code page (1252)
C:\Users\ricky\source\repos\7.3 oop\7.3 oop\Source.cpp(63,13): warning C4566: character represented by universal-character-name '\u0432' cannot be represented in the current code page (1252)
C:\Users\ricky\source\repos\7.3 oop\7.3 oop\Source.cpp(63,13): warning C4566: character represented by universal-character-name '\u043C' cannot be represented in the current code page (1252)
C:\Users\ricky\source\repos\7.3 oop\7.3 oop\Source.cpp(63,13): warning C4566: character represented by universal-character-name '\u043D' cannot be represented in the current code page (1252)
C:\Users\ricky\source\repos\7.3 oop\7.3 oop\Source.cpp(63,13): warning C4566: character represented by universal-character-name '\u0436' cannot be represented in the current code page (1252)
C:\Users\ricky\source\repos\7.3 oop\7.3 oop\Source.cpp(63,13): warning C4566: character represented by universal-character-name '\u0438' cannot be represented in the current code page (1252)
C:\Users\ricky\source\repos\7.3 oop\7.3 oop\Source.cpp(67,13): warning C4566: character represented by universal-character-name '\u0440' cannot be represented in the current code page (1252)
C:\Users\ricky\source\repos\7.3 oop\7.3 oop\Source.cpp(67,13): warning C4566: character represented by universal-character-name '\u0435' cannot be represented in the current code page (1252)
C:\Users\ricky\source\repos\7.3 oop\7.3 oop\Source.cpp(67,13): warning C4566: character represented by universal-character-name '\u0437' cannot be represented in the current code page (1252)
C:\Users\ricky\source\repos\7.3 oop\7.3 oop\Source.cpp(67,13): warning C4566: character represented by universal-character-name '\u0443' cannot be represented in the current code page (1252)
C:\Users\ricky\source\repos\7.3 oop\7.3 oop\Source.cpp(67,13): warning C4566: character represented by universal-character-name '\u043B' cannot be represented in the current code page (1252)
C:\Users\ricky\source\repos\7.3 oop\7.3 oop\Source.cpp(67,13): warning C4566: character represented by universal-character-name '\u044C' cannot be represented in the current code page (1252)
C:\Users\ricky\source\repos\7.3 oop\7.3 oop\Source.cpp(67,13): warning C4566: character represented by universal-character-name '\u0442' cannot be represented in the current code page (1252)
C:\Users\ricky\source\repos\7.3 oop\7.3 oop\Source.cpp(67,13): warning C4566: character represented by universal-character-name '\u044E' cannot be represented in the current code page (1252)
C:\Users\ricky\source\repos\7.3 oop\7.3 oop\Source.cpp(67,13): warning C4566: character represented by universal-character-name '\u0447' cannot be represented in the current code page (1252)
C:\Users\ricky\source\repos\7.3 oop\7.3 oop\Source.cpp(67,13): warning C4566: character represented by universal-character-name '\u0430' cannot be represented in the current code page (1252)
C:\Users\ricky\source\repos\7.3 oop\7.3 oop\Source.cpp(67,13): warning C4566: character represented by universal-character-name '\u043C' cannot be represented in the current code page (1252)
C:\Users\ricky\source\repos\7.3 oop\7.3 oop\Source.cpp(67,13): warning C4566: character represented by universal-character-name '\u043D' cannot be represented in the current code page (1252)
C:\Users\ricky\source\repos\7.3 oop\7.3 oop\Source.cpp(67,13): warning C4566: character represented by universal-character-name '\u043E' cannot be represented in the current code page (1252)
C:\Users\ricky\source\repos\7.3 oop\7.3 oop\Source.cpp(67,13): warning C4566: character represented by universal-character-name '\u0436' cannot be represented in the current code page (1252)
C:\Users\ricky\source\repos\7.3 oop\7.3 oop\Source.cpp(67,13): warning C4566: character represented by universal-character-name '\u0438' cannot be represented in the current code page (1252)
  7.3 oop.vcxproj -> C:\Users\ricky\source\repos\7.3 oop\Debug\7.3 oop.exe
